<?xml version="1.0" encoding="UTF-8"?>
<testsuite name="test.TestCargoservice" tests="4" skipped="0" failures="0" errors="0" timestamp="2026-06-23T15:03:33" hostname="MacBook-Air-di-Riccardo.local" time="0.002">
  <properties/>
  <testcase name="testHappyPath" classname="test.TestCargoservice" time="0.001"/>
  <testcase name="testHoldFull" classname="test.TestCargoservice" time="0.0"/>
  <testcase name="testTimeout" classname="test.TestCargoservice" time="0.0"/>
  <testcase name="testSonarFail" classname="test.TestCargoservice" time="0.001"/>
  <system-out><![CDATA[Test setup: starting context...
Running test 1: Happy Path
Test teardown...
Test setup: starting context...
Running test 2: Rifiuto Stiva Piena
Test teardown...
Test setup: starting context...
Running test 3: Timeout del Cliente
Test teardown...
Test setup: starting context...
Running test 4: Guasto al Sonar (Fuori Servizio)
Test teardown...
]]></system-out>
  <system-err><![CDATA[]]></system-err>
</testsuite>
